2023-10-14 09:58:57 | DEBUG | Verificando requerimientos de modelos
2023-10-14 10:02:54 | SUCCESS | models checked successfully
2023-10-14 10:04:29 | DEBUG | Verificando modelos
2023-10-14 10:04:29 | DEBUG | modelos encontrados: %s
2023-10-14 10:04:29 | SUCCESS | models checked successfully
2023-10-14 10:05:54 | DEBUG | Verificando modelos
2023-10-14 10:05:54 | DEBUG | modelos encontrados: %s
2023-10-14 10:05:54 | SUCCESS | models checked successfully
2023-10-14 10:06:31 | DEBUG | Verificando modelos
2023-10-14 10:06:31 | DEBUG | modelos encontrados: %s
2023-10-14 10:06:31 | SUCCESS | models checked successfully
2023-10-14 10:07:39 | DEBUG | Verificando modelos
2023-10-14 10:07:39 | DEBUG | modelos encontrados: %s
2023-10-14 10:07:40 | SUCCESS | models checked successfully
2023-10-14 10:08:16 | DEBUG | Verificando modelos
2023-10-14 10:08:16 | DEBUG | modelos encontrados: []
2023-10-14 10:08:16 | SUCCESS | models checked successfully
2023-12-22 12:11:55 | DEBUG | Verificando modelos
2023-12-22 12:11:55 | DEBUG | modelos encontrados: []
2023-12-22 12:11:55 | SUCCESS | models checked successfully
2023-12-24 12:26:19 | DEBUG | Verificando modelos
2023-12-24 12:26:19 | DEBUG | modelos encontrados: []
2023-12-24 12:26:20 | SUCCESS | models checked successfully
2023-12-24 12:28:44 | DEBUG | Verificando modelos
2023-12-24 12:28:44 | DEBUG | modelos encontrados: []
2023-12-24 12:28:44 | SUCCESS | models checked successfully
2023-12-24 12:41:58 | DEBUG | Verificando modelos
2023-12-24 12:41:58 | DEBUG | modelos encontrados: []
2023-12-24 12:41:58 | SUCCESS | models checked successfully
2023-12-24 12:44:28 | DEBUG | Verificando modelos
